<?xml version="1.0" encoding="UTF-8"?>
<!-- Generated by org.testng.reporters.JUnitXMLReporter -->
<testsuite ignored="7" hostname="DESKTOP-KUPCKLH" failures="0" tests="3" name="Test" time="0.128" errors="0" timestamp="2023-05-11T21:17:49 IST">
  <testcase classname="com.actitime.testscript.CustomerModule1" name="createCustomer" time="0.017"/>
  <testcase classname="com.actitime.testscript.CustomerModule1" name="deleteCustomer" time="0.005"/>
  <testcase classname="com.actitime.testscript.CustomerModule1" name="modifyCustomer" time="0.004"/>
  <testcase classname="com.actitime.testscript.TaskModule" name="modifyTask" time="0.0">
    <ignored/>
  </testcase> <!-- modifyTask -->
  <testcase classname="com.actitime.testscript.TaskModule" name="createTask" time="0.0">
    <ignored/>
  </testcase> <!-- createTask -->
  <testcase classname="com.actitime.testscript.CustomerModule" name="modifyCustomer" time="0.0">
    <ignored/>
  </testcase> <!-- modifyCustomer -->
  <testcase classname="com.actitime.testscript.CustomerModule" name="createCustomer" time="0.0">
    <ignored/>
  </testcase> <!-- createCustomer -->
  <testcase classname="com.actitime.testscript.CustomerModule" name="deleteCustomer" time="0.0">
    <ignored/>
  </testcase> <!-- deleteCustomer -->
  <testcase classname="com.actitime.testscript.ProjectModule" name="createProject" time="0.0">
    <ignored/>
  </testcase> <!-- createProject -->
  <testcase classname="com.actitime.testscript.ProjectModule" name="modifyProject" time="0.0">
    <ignored/>
  </testcase> <!-- modifyProject -->
</testsuite> <!-- Test -->
