<?xml version="1.0" encoding="UTF-8"?>
<testng-results ignored="7" total="10" passed="3" failed="0" skipped="0">
  <reporter-output>
    <line>
      <![CDATA[openBrowser]]>
    </line>
    <line>
      <![CDATA[login]]>
    </line>
    <line>
      <![CDATA[createCustomer1]]>
    </line>
    <line>
      <![CDATA[logout]]>
    </line>
    <line>
      <![CDATA[login]]>
    </line>
    <line>
      <![CDATA[deleteCustomer1]]>
    </line>
    <line>
      <![CDATA[logout]]>
    </line>
    <line>
      <![CDATA[login]]>
    </line>
    <line>
      <![CDATA[modifyCustomer1]]>
    </line>
    <line>
      <![CDATA[logout]]>
    </line>
    <line>
      <![CDATA[closeBrowser]]>
    </line>
  </reporter-output>
  <suite started-at="2023-05-11T21:17:48 IST" name="Suite" finished-at="2023-05-11T21:17:49 IST" duration-ms="128">
    <groups>
      <group name="regressionTest">
        <method signature="CustomerModule1.createCustomer()[pri:0, instance:com.actitime.testscript.CustomerModule1@6eda5c9]" name="createCustomer" class="com.actitime.testscript.CustomerModule1"/>
        <method signature="CustomerModule1.deleteCustomer()[pri:0, instance:com.actitime.testscript.CustomerModule1@6eda5c9]" name="deleteCustomer" class="com.actitime.testscript.CustomerModule1"/>
        <method signature="CustomerModule1.modifyCustomer()[pri:0, instance:com.actitime.testscript.CustomerModule1@6eda5c9]" name="modifyCustomer" class="com.actitime.testscript.CustomerModule1"/>
      </group> <!-- regressionTest -->
      <group name="smokeTest">
        <method signature="CustomerModule1.createCustomer()[pri:0, instance:com.actitime.testscript.CustomerModule1@6eda5c9]" name="createCustomer" class="com.actitime.testscript.CustomerModule1"/>
      </group> <!-- smokeTest -->
    </groups>
    <test started-at="2023-05-11T21:17:48 IST" name="Test" finished-at="2023-05-11T21:17:49 IST" duration-ms="128">
      <class name="com.actitime.testscript.CustomerModule1">
        <test-method is-config="true" signature="openBrowser()[pri:0, instance:com.actitime.testscript.CustomerModule1@6eda5c9]" started-at="2023-05-11T21:17:49 IST" name="openBrowser" finished-at="2023-05-11T21:17:49 IST" duration-ms="15" status="PASS">
          <reporter-output>
            <line>
              <![CDATA[openBrowser]]>
            </line>
          </reporter-output>
        </test-method> <!-- openBrowser -->
        <test-method is-config="true" signature="login()[pri:0, instance:com.actitime.testscript.CustomerModule1@6eda5c9]" started-at="2023-05-11T21:17:49 IST" name="login" finished-at="2023-05-11T21:17:49 IST" duration-ms="2" status="PASS">
          <reporter-output>
            <line>
              <![CDATA[login]]>
            </line>
          </reporter-output>
        </test-method> <!-- login -->
        <test-method signature="createCustomer()[pri:0, instance:com.actitime.testscript.CustomerModule1@6eda5c9]" started-at="2023-05-11T21:17:49 IST" name="createCustomer" finished-at="2023-05-11T21:17:49 IST" duration-ms="17" status="PASS">
          <reporter-output>
            <line>
              <![CDATA[createCustomer1]]>
            </line>
          </reporter-output>
        </test-method> <!-- createCustomer -->
        <test-method is-config="true" signature="logout()[pri:0, instance:com.actitime.testscript.CustomerModule1@6eda5c9]" started-at="2023-05-11T21:17:49 IST" name="logout" finished-at="2023-05-11T21:17:49 IST" duration-ms="1" status="PASS">
          <reporter-output>
            <line>
              <![CDATA[logout]]>
            </line>
          </reporter-output>
        </test-method> <!-- logout -->
        <test-method signature="deleteCustomer()[pri:0, instance:com.actitime.testscript.CustomerModule1@6eda5c9]" started-at="2023-05-11T21:17:49 IST" name="deleteCustomer" finished-at="2023-05-11T21:17:49 IST" duration-ms="5" status="PASS">
          <reporter-output>
            <line>
              <![CDATA[deleteCustomer1]]>
            </line>
          </reporter-output>
        </test-method> <!-- deleteCustomer -->
        <test-method is-config="true" signature="login()[pri:0, instance:com.actitime.testscript.CustomerModule1@6eda5c9]" started-at="2023-05-11T21:17:49 IST" name="login" finished-at="2023-05-11T21:17:49 IST" duration-ms="0" status="PASS">
          <reporter-output>
            <line>
              <![CDATA[login]]>
            </line>
          </reporter-output>
        </test-method> <!-- login -->
        <test-method is-config="true" signature="logout()[pri:0, instance:com.actitime.testscript.CustomerModule1@6eda5c9]" started-at="2023-05-11T21:17:49 IST" name="logout" finished-at="2023-05-11T21:17:49 IST" duration-ms="1" status="PASS">
          <reporter-output>
            <line>
              <![CDATA[logout]]>
            </line>
          </reporter-output>
        </test-method> <!-- logout -->
        <test-method is-config="true" signature="login()[pri:0, instance:com.actitime.testscript.CustomerModule1@6eda5c9]" started-at="2023-05-11T21:17:49 IST" name="login" finished-at="2023-05-11T21:17:49 IST" duration-ms="1" status="PASS">
          <reporter-output>
            <line>
              <![CDATA[login]]>
            </line>
          </reporter-output>
        </test-method> <!-- login -->
        <test-method signature="modifyCustomer()[pri:0, instance:com.actitime.testscript.CustomerModule1@6eda5c9]" started-at="2023-05-11T21:17:49 IST" name="modifyCustomer" finished-at="2023-05-11T21:17:49 IST" duration-ms="4" status="PASS">
          <reporter-output>
            <line>
              <![CDATA[modifyCustomer1]]>
            </line>
          </reporter-output>
        </test-method> <!-- modifyCustomer -->
        <test-method is-config="true" signature="logout()[pri:0, instance:com.actitime.testscript.CustomerModule1@6eda5c9]" started-at="2023-05-11T21:17:49 IST" name="logout" finished-at="2023-05-11T21:17:49 IST" duration-ms="1" status="PASS">
          <reporter-output>
            <line>
              <![CDATA[logout]]>
            </line>
          </reporter-output>
        </test-method> <!-- logout -->
        <test-method is-config="true" signature="closeBrowser()[pri:0, instance:com.actitime.testscript.CustomerModule1@6eda5c9]" started-at="2023-05-11T21:17:49 IST" name="closeBrowser" finished-at="2023-05-11T21:17:49 IST" duration-ms="1" status="PASS">
          <reporter-output>
            <line>
              <![CDATA[closeBrowser]]>
            </line>
          </reporter-output>
        </test-method> <!-- closeBrowser -->
      </class> <!-- com.actitime.testscript.CustomerModule1 -->
    </test> <!-- Test -->
  </suite> <!-- Suite -->
</testng-results>
