<?xml version="1.0" encoding="UTF-8"?>
<!-- Generated by org.testng.reporters.JUnitXMLReporter -->
<testsuite ignored="0" hostname="DESKTOP-KUPCKLH" failures="0" tests="3" name="Default test" time="34.438" errors="0" timestamp="2023-05-11T21:16:08 IST">
  <testcase classname="com.actitime.testscript.CustomerModule1" name="createCustomer" time="0.013"/>
  <testcase classname="com.actitime.testscript.CustomerModule1" name="deleteCustomer" time="0.002"/>
  <testcase classname="com.actitime.testscript.CustomerModule1" name="modifyCustomer" time="0.002"/>
</testsuite> <!-- Default test -->
